<?xml version="1.0" encoding="UTF-8"?>
<coverage generated="1772181851108" clover="3.2.0">
  <project timestamp="1772181851108" name="All files">
    <metrics statements="13" coveredstatements="13" conditionals="22" coveredconditionals="21" methods="3" coveredmethods="3" elements="38" coveredelements="37" complexity="0" loc="13" ncloc="13" packages="1" files="1" classes="1"/>
    <file name="calculNote.js" path="C:\Users\user\Desktop\ING2\sem2\devops\tp\tp-api-nodejs\utils\calculNote.js">
      <metrics statements="13" coveredstatements="13" conditionals="22" coveredconditionals="21" methods="3" coveredmethods="3"/>
      <line num="4" count="3" type="stmt"/>
      <line num="12" count="8" type="cond" truecount="4" falsecount="0"/>
      <line num="13" count="5" type="cond" truecount="2" falsecount="0"/>
      <line num="17" count="9" type="cond" truecount="4" falsecount="0"/>
      <line num="18" count="1" type="stmt"/>
      <line num="20" count="8" type="cond" truecount="4" falsecount="0"/>
      <line num="21" count="2" type="stmt"/>
      <line num="23" count="6" type="cond" truecount="2" falsecount="0"/>
      <line num="24" count="4" type="cond" truecount="2" falsecount="0"/>
      <line num="25" count="3" type="cond" truecount="1" falsecount="1"/>
      <line num="26" count="3" type="cond" truecount="2" falsecount="0"/>
      <line num="27" count="2" type="stmt"/>
      <line num="30" count="1" type="stmt"/>
    </file>
  </project>
</coverage>
